WARNING: HADOOP_PREFIX has been replaced by HADOOP_HOME. Using value of HADOOP_PREFIX.
SLF4J: Class path contains multiple SLF4J bindings.
SLF4J: Found binding in [jar:file:/usr/local/hadoop-env/hbase-1.3.0/lib/slf4j-log4j12-1.7.5.jar!/org/slf4j/impl/StaticLoggerBinder.class]
SLF4J: Found binding in [jar:file:/usr/local/hadoop-env/hadoop-3.2.1/share/hadoop/common/lib/slf4j-log4j12-1.7.25.jar!/org/slf4j/impl/StaticLoggerBinder.class]
SLF4J: See http://www.slf4j.org/codes.html#multiple_bindings for an explanation.
SLF4J: Actual binding is of type [org.slf4j.impl.Log4jLoggerFactory]
2021-07-20 22:47:07,813 WARN  [main] util.NativeCodeLoader: Unable to load native-hadoop library for your platform... using builtin-java classes where applicable
WARNING: HADOOP_PREFIX has been replaced by HADOOP_HOME. Using value of HADOOP_PREFIX.
SLF4J: Class path contains multiple SLF4J bindings.
SLF4J: Found binding in [jar:file:/usr/local/hadoop-env/hive-3.1.0/lib/log4j-slf4j-impl-2.10.0.jar!/org/slf4j/impl/StaticLoggerBinder.class]
SLF4J: Found binding in [jar:file:/usr/local/hadoop-env/hadoop-3.2.1/share/hadoop/common/lib/slf4j-log4j12-1.7.25.jar!/org/slf4j/impl/StaticLoggerBinder.class]
SLF4J: See http://www.slf4j.org/codes.html#multiple_bindings for an explanation.
SLF4J: Actual binding is of type [org.apache.logging.slf4j.Log4jLoggerFactory]
Hive Session ID = 681e99b3-a547-4f3d-bfd7-bfc170f4173c

Logging initialized using configuration in jar:file:/usr/local/hadoop-env/hive-3.1.0/lib/hive-common-3.1.0.jar!/hive-log4j2.properties Async: true
Hive Session ID = 83ffbea4-ce08-4a20-9e99-063c7009e55f
OK
Time taken: 0.674 seconds
OK
Time taken: 0.146 seconds
OK
2	Soccer	59	http://images.acmesports.sports/Quest+Q64+10+FT.+x+10+FT.+Slant+Leg+Instant+Up+Canopy
2	Soccer	129	http://images.acmesports.sports/Under+Armour+Men%27s+Highlight+MC+Football+Cleat
2	Soccer	89	http://images.acmesports.sports/Under+Armour+Men%27s+Renegade+D+Mid+Football+Cleat
2	Soccer	89	http://images.acmesports.sports/Under+Armour+Men%27s+Renegade+D+Mid+Football+Cleat
2	Soccer	199	http://images.acmesports.sports/Riddell+Youth+Revolution+Speed+Custom+Football+Helmet
2	Soccer	134	http://images.acmesports.sports/Jordan+Men%27s+VI+Retro+TD+Football+Cleat
2	Soccer	99	http://images.acmesports.sports/Schutt+Youth+Recruit+Hybrid+Custom+Football+Helmet+2014
2	Soccer	129	http://images.acmesports.sports/Nike+Men%27s+Vapor+Carbon+Elite+TD+Football+Cleat
2	Soccer	50	http://images.acmesports.sports/Nike+Adult+Vapor+Jet+3.0+Receiver+Gloves
2	Soccer	129	http://images.acmesports.sports/Under+Armour+Men%27s+Highlight+MC+Football+Cleat
2	Soccer	209	http://images.acmesports.sports/Fitness+Gear+300+lb+Olympic+Weight+Set
2	Soccer	139	http://images.acmesports.sports/Under+Armour+Men%27s+Highlight+MC+Alter+Ego+Flash+Football...
2	Soccer	89	http://images.acmesports.sports/Under+Armour+Men%27s+Renegade+D+Mid+Football+Cleat
2	Soccer	199	http://images.acmesports.sports/Quik+Shade+Summit+SX170+10+FT.+x+10+FT.+Canopy
2	Soccer	59	http://images.acmesports.sports/Under+Armour+Kids%27+Highlight+RM+Alter+Ego+Superman+Football...
2	Soccer	299	http://images.acmesports.sports/Riddell+Youth+360+Custom+Football+Helmet
2	Soccer	129	http://images.acmesports.sports/Under+Armour+Men%27s+Highlight+MC+Football+Cleat
2	Soccer	29	http://images.acmesports.sports/Reebok+Men%27s+Full+Zip+Training+Jacket
2	Soccer	124	http://images.acmesports.sports/Nike+Men%27s+Fingertrap+Max+Training+Shoe
2	Soccer	129	http://images.acmesports.sports/Under+Armour+Men%27s+Highlight+MC+Football+Cleat
2	Soccer	54	http://images.acmesports.sports/Under+Armour+Kids%27+Highlight+RM+Football+Cleat
2	Soccer	29	http://images.acmesports.sports/Kijaro+Dual+Lock+Chair
2	Soccer	139	http://images.acmesports.sports/Under+Armour+Men%27s+Highlight+MC+Alter+Ego+Hulk+Football...
2	Soccer	79	http://images.acmesports.sports/Elevation+Training+Mask+2.0
4	Basketball	299	http://images.acmesports.sports/Diamondback+Adult+Sorrento+Mountain+Bike+2014
4	Basketball	59	http://images.acmesports.sports/Quest+Q64+10+FT.+x+10+FT.+Slant+Leg+Instant+Up+Canopy
4	Basketball	69	http://images.acmesports.sports/MAC+Sports+Collapsible+Wagon
4	Basketball	249	http://images.acmesports.sports/Easton+Mako+Youth+Bat+2014+%28-11%29
4	Basketball	29	http://images.acmesports.sports/adidas+Brazuca+2014+Top+Glider+Soccer+Ball
4	Basketball	99	http://images.acmesports.sports/Nike%2B+Fuelband+SE
4	Basketball	39	http://images.acmesports.sports/adidas+Brazuca+2014+Top+Repliqu%C3%A9+Soccer+Ball
4	Basketball	99	http://images.acmesports.sports/Fitbit+Flex+Wireless+Activity+%26+Sleep+Wristband
4	Basketball	28	http://images.acmesports.sports/Nike+Women%27s+Pro+Core+3%22+Compression+Shorts
4	Basketball	299	http://images.acmesports.sports/Diamondback+Boys%27+Insight+24+Performance+Hybrid+Bike+2014
4	Basketball	159	http://images.acmesports.sports/adidas+Brazuca+2014+Official+Match+Ball
4	Basketball	999	http://images.acmesports.sports/SOLE+E25+Elliptical
4	Basketball	299	http://images.acmesports.sports/Diamondback+Girls%27+Clarity+24+Hybrid+Bike+2014
4	Basketball	179	http://images.acmesports.sports/Easton+XL1+Youth+Bat+2014+%28-10%29
4	Basketball	209	http://images.acmesports.sports/Fitness+Gear+300+lb+Olympic+Weight+Set
4	Basketball	21	http://images.acmesports.sports/Nike+Women%27s+Pro+Victory+Compression+Bra
4	Basketball	199	http://images.acmesports.sports/Quik+Shade+Summit+SX170+10+FT.+x+10+FT.+Canopy
4	Basketball	1799	http://images.acmesports.sports/SOLE+F85+Treadmill
4	Basketball	29	http://images.acmesports.sports/Kijaro+Dual+Lock+Chair
4	Basketball	309	http://images.acmesports.sports/Diamondback+Adult+Outlook+Mountain+Bike+2014
4	Basketball	179	http://images.acmesports.sports/Easton+S1+Youth+Bat+2014+%28-12%29
4	Basketball	79	http://images.acmesports.sports/Elevation+Training+Mask+2.0
4	Basketball	349	http://images.acmesports.sports/Diamondback+Adult+Response+XE+Mountain+Bike+2014
4	Basketball	149	http://images.acmesports.sports/Quest+12%27+x+12%27+Dome+Canopy
50	NFL	60	http://images.acmesports.sports/Majestic+Youth+2014+All-Star+Game+Andrew+McCutchen+%2322...
50	NFL	60	http://images.acmesports.sports/Majestic+Youth+2014+All-Star+Game+Yadier+Molina+%234+National...
50	NFL	60	http://images.acmesports.sports/Majestic+Youth+2014+All-Star+Game+Troy+Tulowitzki+%232...
50	NFL	60	http://images.acmesports.sports/Majestic+Youth+2014+All-Star+Game+Yasiel+Puig+%2366+National...
50	NFL	60	http://images.acmesports.sports/Majestic+Youth+2014+All-Star+Game+Freddie+Freeman+%235...
50	NFL	60	http://images.acmesports.sports/Majestic+Youth+2014+All-Star+Game+Mike+Trout+%2327+American...
50	NFL	60	http://images.acmesports.sports/Majestic+Youth+2014+All-Star+Game+Miguel+Cabrera+%2324...
50	NFL	60	http://images.acmesports.sports/Majestic+Youth+2014+All-Star+Game+Masahiro+Tanaka+%2319...
50	NFL	60	http://images.acmesports.sports/Majestic+Youth+2014+All-Star+Game+Derek+Jeter+%232+American...
50	NFL	60	http://images.acmesports.sports/Majestic+Youth+2014+All-Star+Game+Jose+Abreu+%2379+American...
50	NFL	130	http://images.acmesports.sports/Majestic+Men%27s+2014+All-Star+Game+Troy+Tulowitzki+%232...
50	NFL	130	http://images.acmesports.sports/Majestic+Men%27s+2014+All-Star+Game+Yasiel+Puig+%2366+National...
50	NFL	130	http://images.acmesports.sports/Majestic+Men%27s+2014+All-Star+Game+Andrew+McCutchen+%2322...
50	NFL	130	http://images.acmesports.sports/Majestic+Men%27s+2014+All-Star+Game+Yadier+Molina+%234+National...
50	NFL	130	http://images.acmesports.sports/Majestic+Men%27s+2014+All-Star+Game+Freddie+Freeman+%235...
50	NFL	130	http://images.acmesports.sports/Majestic+Men%27s+2014+All-Star+Game+Mike+Trout+%2327+American...
50	NFL	130	http://images.acmesports.sports/Majestic+Men%27s+2014+All-Star+Game+Masahiro+Tanaka+%2319...
50	NFL	130	http://images.acmesports.sports/Majestic+Men%27s+2014+All-Star+Game+Derek+Jeter+%232+American...
50	NFL	130	http://images.acmesports.sports/Majestic+Men%27s+2014+All-Star+Game+Miguel+Cabrera+%2324...
50	NFL	130	http://images.acmesports.sports/Majestic+Men%27s+2014+All-Star+Game+Jose+Abreu+%2379+American...
50	NFL	34	http://images.acmesports.sports/Nike+Men%27s+New+York+Yankees+Derek+Jeter+2014+MLB+All-Star...
50	NFL	34	http://images.acmesports.sports/Nike+Men%27s+Pittsburgh+Pirates+Andrew+McCutchen+2014+MLB...
50	NFL	34	http://images.acmesports.sports/Nike+Men%27s+Los+Angeles+Angels+Mike+Trout+2014+MLB+All-Star...
50	NFL	50	http://images.acmesports.sports/Stitches+Men%27s+Pittsburgh+Pirates+Black+Poly+Polo
51	NHL	30	http://images.acmesports.sports/Nike+Men%27s+Cleveland+Browns+%27Money+Manziel%27+T-Shirt
51	NHL	100	http://images.acmesports.sports/Nike+Men%27s+Home+Game+Jersey+Cleveland+Browns+Johnny+Manziel...
51	NHL	30	http://images.acmesports.sports/Nike+Men%27s+Cleveland+Browns+Johnny+Manziel+%27Money%27+T-Shirt
51	NHL	30	http://images.acmesports.sports/Nike+Johnny+Football+Camo+Graphic+T-Shirt
51	NHL	70	http://images.acmesports.sports/Nike+Youth+Home+Game+Jersey+Cleveland+Browns+Johnny+Manziel...
51	NHL	30	http://images.acmesports.sports/Nike+Johnny+Football+Camo+Jersey+T-Shirt
51	NHL	219	http://images.acmesports.sports/Wild+Sports+Pittsburgh+Steelers+XL+Tailgate+Bean+Bag+Toss...
51	NHL	32	http://images.acmesports.sports/Nike+Men%27s+Cleveland+Browns+Johnny+Manziel+%232+Brown+T-Shirt
51	NHL	219	http://images.acmesports.sports/Wild+Sports+Green+Bay+Packers+XL+Tailgate+Bean+Bag+Toss...
51	NHL	219	http://images.acmesports.sports/Wild+Sports+Chicago+Bears+XL+Tailgate+Bean+Bag+Toss+Shields
51	NHL	219	http://images.acmesports.sports/Wild+Sports+Minnesota+Vikings+XL+Tailgate+Bean+Bag+Toss...
51	NHL	28	http://images.acmesports.sports/Nike+Men%27s+Cleveland+Browns+Johnny+Football+Orange+T-Shirt
51	NHL	100	http://images.acmesports.sports/Nike+Men%27s+Home+Game+Jersey+Denver+Broncos+Peyton+Manning...
51	NHL	79	http://images.acmesports.sports/Nike+Men%27s+Chicago+Bears+Navy+Reversible+Defender+Jacket
51	NHL	44	http://images.acmesports.sports/Wilson+NFL+Autograph+Official+Football
51	NHL	100	http://images.acmesports.sports/Nike+Men%27s+Home+Game+Jersey+Buffalo+Bills+Sammy+Watkins+%2314
51	NHL	100	http://images.acmesports.sports/Nike+Men%27s+Home+Game+Jersey+Philadelphia+Eagles+Nick+Foles...
51	NHL	100	http://images.acmesports.sports/Nike+Men%27s+Home+Game+Jersey+San+Francisco+49ers+Colin...
51	NHL	179	http://images.acmesports.sports/Team+Golf+Pittsburgh+Steelers+Fairway+Stand+Bag
51	NHL	219	http://images.acmesports.sports/Wild+Sports+Washington+Redskins+XL+Tailgate+Bean+Bag+Toss...
51	NHL	219	http://images.acmesports.sports/Wild+Sports+Dallas+Cowboys+XL+Tailgate+Bean+Bag+Toss+Shields
51	NHL	34	http://images.acmesports.sports/Nike+Men%27s+Chicago+Bears+Coaches+Sideline+2013+White...
51	NHL	100	http://images.acmesports.sports/Nike+Men%27s+Home+Game+Jersey+Pittsburgh+Steelers+Ryan+Shazier...
51	NHL	100	http://images.acmesports.sports/Nike+Men%27s+Home+Game+Jersey+New+Orleans+Saints+Brandin+Cooks...
52	NBA	170	http://images.acmesports.sports/Reebok+Men%27s+Chicago+Blackhawks+Patrick+Kane+%2388+Home+Red...
52	NBA	10	http://images.acmesports.sports/%2410+Gift+Card
52	NBA	170	http://images.acmesports.sports/Reebok+Men%27s+Boston+Bruins+Patrice+Bergeron+%2337+Home+Black...
52	NBA	170	http://images.acmesports.sports/Reebok+Men%27s+Chicago+Blackhawks+Jonathan+Toews+%2319+Home...
52	NBA	170	http://images.acmesports.sports/Reebok+Men%27s+Chicago+Blackhawks+Jonathan+Toews+%2319+Home...
52	NBA	65	http://images.acmesports.sports/Reebok+Youth+Chicago+Blackhawks+Patrick+Kane+%2388+Home+Red...
52	NBA	130	http://images.acmesports.sports/Reebok+Women%27s+Chicago+Blackhawks+Patrick+Kane+%2388+Home...
52	NBA	26	http://images.acmesports.sports/Reebok+Men%27s+Detroit+Red+Wings+2014+NHL+Center+Ice...
52	NBA	26	http://images.acmesports.sports/Reebok+Men%27s+Minnesota+Wild+2014+NHL+Center+Ice+Collection...
52	NBA	26	http://images.acmesports.sports/Reebok+Men%27s+Dallas+Stars+2014+NHL+Center+Ice+Collection...
52	NBA	26	http://images.acmesports.sports/Reebok+Men%27s+Buffalo+Sabres+2014+NHL+Center+Ice+Collection...
52	NBA	26	http://images.acmesports.sports/Reebok+Men%27s+Nashville+Predators+2014+NHL+Center+Ice...
52	NBA	26	http://images.acmesports.sports/Reebok+Men%27s+Pittsburgh+Penguins+2014+NHL+Center+Ice...
52	NBA	26	http://images.acmesports.sports/Reebok+Men%27s+Florida+Panthers+2014+NHL+Center+Ice+Collection...
52	NBA	26	http://images.acmesports.sports/Reebok+Men%27s+Toronto+Maple+Leafs+2014+NHL+Center+Ice...
52	NBA	26	http://images.acmesports.sports/Reebok+Men%27s+Los+Angeles+Kings+2014+NHL+Center+Ice...
52	NBA	26	http://images.acmesports.sports/Reebok+Men%27s+Carolina+Hurricanes+2014+NHL+Center+Ice...
52	NBA	26	http://images.acmesports.sports/Reebok+Men%27s+Philadelphia+Flyers+2014+NHL+Center+Ice...
52	NBA	26	http://images.acmesports.sports/Reebok+Men%27s+Washington+Capitals+2014+NHL+Center+Ice...
52	NBA	26	http://images.acmesports.sports/Reebok+Men%27s+Vancouver+Canucks+2014+NHL+Center+Ice...
52	NBA	26	http://images.acmesports.sports/Reebok+Men%27s+Montreal+Canadiens+2014+NHL+Center+Ice...
52	NBA	26	http://images.acmesports.sports/Reebok+Men%27s+Boston+Bruins+2014+NHL+Center+Ice+Collection...
52	NBA	26	http://images.acmesports.sports/Reebok+Men%27s+Colorado+Avalanche++2014+NHL+Center+Ice...
52	NBA	54	http://images.acmesports.sports/Antigua+Women%27s+2014+NHL+Stanley+Cup+Champions+Los+Angeles...
Time taken: 1.608 seconds, Fetched: 120 row(s)
