Warning: /usr/local/hadoop-env/sqoop-1.4.6/../hcatalog does not exist! HCatalog jobs will fail.
Please set $HCAT_HOME to the root of your HCatalog installation.
Warning: /usr/local/hadoop-env/sqoop-1.4.6/../accumulo does not exist! Accumulo imports will fail.
Please set $ACCUMULO_HOME to the root of your Accumulo installation.
WARNING: HADOOP_PREFIX has been replaced by HADOOP_HOME. Using value of HADOOP_PREFIX.
/usr/local/hadoop-env/hadoop-3.2.1/libexec/hadoop-functions.sh: line 2366: HADOOP_ORG.APACHE.SQOOP.SQOOP_USER: invalid variable name
/usr/local/hadoop-env/hadoop-3.2.1/libexec/hadoop-functions.sh: line 2461: HADOOP_ORG.APACHE.SQOOP.SQOOP_OPTS: invalid variable name
SLF4J: Class path contains multiple SLF4J bindings.
SLF4J: Found binding in [jar:file:/usr/local/hadoop-env/hadoop-3.2.1/share/hadoop/common/lib/slf4j-log4j12-1.7.25.jar!/org/slf4j/impl/StaticLoggerBinder.class]
SLF4J: Found binding in [jar:file:/usr/local/hadoop-env/hbase-1.3.0/lib/slf4j-log4j12-1.7.5.jar!/org/slf4j/impl/StaticLoggerBinder.class]
SLF4J: See http://www.slf4j.org/codes.html#multiple_bindings for an explanation.
SLF4J: Actual binding is of type [org.slf4j.impl.Log4jLoggerFactory]
2021-07-20 22:45:47,460 INFO sqoop.Sqoop: Running Sqoop version: 1.4.6
2021-07-20 22:45:47,582 WARN util.NativeCodeLoader: Unable to load native-hadoop library for your platform... using builtin-java classes where applicable
2021-07-20 22:45:47,779 INFO manager.MySQLManager: Preparing to use a MySQL streaming resultset.
2021-07-20 22:45:47,779 INFO tool.CodeGenTool: Beginning code generation
Loading class `com.mysql.jdbc.Driver'. This is deprecated. The new driver class is `com.mysql.cj.jdbc.Driver'. The driver is automatically registered via the SPI and manual loading of the driver class is generally unnecessary.
2021-07-20 22:45:47,971 INFO manager.SqlManager: Executing SQL statement: SELECT t.* FROM `categories` AS t LIMIT 1
2021-07-20 22:45:48,002 INFO manager.SqlManager: Executing SQL statement: SELECT t.* FROM `categories` AS t LIMIT 1
2021-07-20 22:45:48,005 INFO orm.CompilationManager: HADOOP_MAPRED_HOME is /usr/local/hadoop-env/hadoop-3.2.1
Note: /tmp/sqoop-saif/compile/067ac57ad556c641dd354a75ad6c8338/categories.java uses or overrides a deprecated API.
Note: Recompile with -Xlint:deprecation for details.
2021-07-20 22:45:48,967 INFO orm.CompilationManager: Writing jar file: /tmp/sqoop-saif/compile/067ac57ad556c641dd354a75ad6c8338/categories.jar
2021-07-20 22:45:49,348 INFO tool.ImportTool: Destination directory /user/saif/HFS/Output/categories_tgt deleted.
2021-07-20 22:45:49,348 WARN manager.MySQLManager: It looks like you are importing from mysql.
2021-07-20 22:45:49,348 WARN manager.MySQLManager: This transfer can be faster! Use the --direct
2021-07-20 22:45:49,348 WARN manager.MySQLManager: option to exercise a MySQL-specific fast path.
2021-07-20 22:45:49,348 INFO manager.MySQLManager: Setting zero DATETIME behavior to convertToNull (mysql)
2021-07-20 22:45:49,353 INFO mapreduce.ImportJobBase: Beginning import of categories
2021-07-20 22:45:49,354 INFO Configuration.deprecation: mapred.job.tracker is deprecated. Instead, use mapreduce.jobtracker.address
2021-07-20 22:45:49,358 INFO Configuration.deprecation: mapred.jar is deprecated. Instead, use mapreduce.job.jar
2021-07-20 22:45:49,373 INFO Configuration.deprecation: mapred.map.tasks is deprecated. Instead, use mapreduce.job.maps
2021-07-20 22:45:49,445 INFO client.RMProxy: Connecting to ResourceManager at /0.0.0.0:8032
2021-07-20 22:45:49,704 INFO mapreduce.JobResourceUploader: Disabling Erasure Coding for path: /tmp/hadoop-yarn/staging/saif/.staging/job_1626792032831_0011
2021-07-20 22:45:49,796 INFO sasl.SaslDataTransferClient: SASL encryption trust check: localHostTrusted = false, remoteHostTrusted = false
2021-07-20 22:45:49,869 INFO sasl.SaslDataTransferClient: SASL encryption trust check: localHostTrusted = false, remoteHostTrusted = false
2021-07-20 22:45:49,889 INFO sasl.SaslDataTransferClient: SASL encryption trust check: localHostTrusted = false, remoteHostTrusted = false
2021-07-20 22:45:49,909 INFO sasl.SaslDataTransferClient: SASL encryption trust check: localHostTrusted = false, remoteHostTrusted = false
2021-07-20 22:45:49,926 INFO sasl.SaslDataTransferClient: SASL encryption trust check: localHostTrusted = false, remoteHostTrusted = false
2021-07-20 22:45:49,944 INFO sasl.SaslDataTransferClient: SASL encryption trust check: localHostTrusted = false, remoteHostTrusted = false
2021-07-20 22:45:49,959 INFO sasl.SaslDataTransferClient: SASL encryption trust check: localHostTrusted = false, remoteHostTrusted = false
2021-07-20 22:45:49,975 INFO sasl.SaslDataTransferClient: SASL encryption trust check: localHostTrusted = false, remoteHostTrusted = false
2021-07-20 22:45:49,994 INFO sasl.SaslDataTransferClient: SASL encryption trust check: localHostTrusted = false, remoteHostTrusted = false
2021-07-20 22:45:50,012 INFO sasl.SaslDataTransferClient: SASL encryption trust check: localHostTrusted = false, remoteHostTrusted = false
2021-07-20 22:45:50,039 INFO sasl.SaslDataTransferClient: SASL encryption trust check: localHostTrusted = false, remoteHostTrusted = false
2021-07-20 22:45:50,061 INFO sasl.SaslDataTransferClient: SASL encryption trust check: localHostTrusted = false, remoteHostTrusted = false
2021-07-20 22:45:50,078 INFO sasl.SaslDataTransferClient: SASL encryption trust check: localHostTrusted = false, remoteHostTrusted = false
2021-07-20 22:45:50,093 INFO sasl.SaslDataTransferClient: SASL encryption trust check: localHostTrusted = false, remoteHostTrusted = false
2021-07-20 22:45:50,106 INFO sasl.SaslDataTransferClient: SASL encryption trust check: localHostTrusted = false, remoteHostTrusted = false
2021-07-20 22:45:50,135 INFO sasl.SaslDataTransferClient: SASL encryption trust check: localHostTrusted = false, remoteHostTrusted = false
2021-07-20 22:45:50,506 INFO sasl.SaslDataTransferClient: SASL encryption trust check: localHostTrusted = false, remoteHostTrusted = false
2021-07-20 22:45:50,522 INFO sasl.SaslDataTransferClient: SASL encryption trust check: localHostTrusted = false, remoteHostTrusted = false
2021-07-20 22:45:50,536 INFO sasl.SaslDataTransferClient: SASL encryption trust check: localHostTrusted = false, remoteHostTrusted = false
2021-07-20 22:45:50,551 INFO sasl.SaslDataTransferClient: SASL encryption trust check: localHostTrusted = false, remoteHostTrusted = false
2021-07-20 22:45:50,585 INFO sasl.SaslDataTransferClient: SASL encryption trust check: localHostTrusted = false, remoteHostTrusted = false
2021-07-20 22:45:50,601 INFO sasl.SaslDataTransferClient: SASL encryption trust check: localHostTrusted = false, remoteHostTrusted = false
2021-07-20 22:45:50,616 INFO sasl.SaslDataTransferClient: SASL encryption trust check: localHostTrusted = false, remoteHostTrusted = false
2021-07-20 22:45:50,641 INFO sasl.SaslDataTransferClient: SASL encryption trust check: localHostTrusted = false, remoteHostTrusted = false
2021-07-20 22:45:50,653 INFO sasl.SaslDataTransferClient: SASL encryption trust check: localHostTrusted = false, remoteHostTrusted = false
2021-07-20 22:45:50,667 INFO sasl.SaslDataTransferClient: SASL encryption trust check: localHostTrusted = false, remoteHostTrusted = false
2021-07-20 22:45:50,678 INFO sasl.SaslDataTransferClient: SASL encryption trust check: localHostTrusted = false, remoteHostTrusted = false
2021-07-20 22:45:50,699 INFO sasl.SaslDataTransferClient: SASL encryption trust check: localHostTrusted = false, remoteHostTrusted = false
2021-07-20 22:45:50,992 INFO sasl.SaslDataTransferClient: SASL encryption trust check: localHostTrusted = false, remoteHostTrusted = false
2021-07-20 22:45:51,035 INFO sasl.SaslDataTransferClient: SASL encryption trust check: localHostTrusted = false, remoteHostTrusted = false
2021-07-20 22:45:51,502 INFO sasl.SaslDataTransferClient: SASL encryption trust check: localHostTrusted = false, remoteHostTrusted = false
2021-07-20 22:45:51,535 INFO sasl.SaslDataTransferClient: SASL encryption trust check: localHostTrusted = false, remoteHostTrusted = false
2021-07-20 22:45:51,550 INFO sasl.SaslDataTransferClient: SASL encryption trust check: localHostTrusted = false, remoteHostTrusted = false
2021-07-20 22:45:51,564 INFO sasl.SaslDataTransferClient: SASL encryption trust check: localHostTrusted = false, remoteHostTrusted = false
2021-07-20 22:45:51,576 INFO sasl.SaslDataTransferClient: SASL encryption trust check: localHostTrusted = false, remoteHostTrusted = false
2021-07-20 22:45:51,592 INFO sasl.SaslDataTransferClient: SASL encryption trust check: localHostTrusted = false, remoteHostTrusted = false
2021-07-20 22:45:51,608 INFO db.DBInputFormat: Using read commited transaction isolation
2021-07-20 22:45:51,608 INFO db.DataDrivenDBInputFormat: BoundingValsQuery: SELECT MIN(`category_id`), MAX(`category_id`) FROM `categories`
2021-07-20 22:45:51,628 INFO sasl.SaslDataTransferClient: SASL encryption trust check: localHostTrusted = false, remoteHostTrusted = false
2021-07-20 22:45:51,641 INFO sasl.SaslDataTransferClient: SASL encryption trust check: localHostTrusted = false, remoteHostTrusted = false
2021-07-20 22:45:51,645 INFO mapreduce.JobSubmitter: number of splits:4
2021-07-20 22:45:51,808 INFO sasl.SaslDataTransferClient: SASL encryption trust check: localHostTrusted = false, remoteHostTrusted = false
2021-07-20 22:45:51,830 INFO mapreduce.JobSubmitter: Submitting tokens for job: job_1626792032831_0011
2021-07-20 22:45:51,830 INFO mapreduce.JobSubmitter: Executing with tokens: []
2021-07-20 22:45:52,007 INFO conf.Configuration: resource-types.xml not found
2021-07-20 22:45:52,008 INFO resource.ResourceUtils: Unable to find 'resource-types.xml'.
2021-07-20 22:45:52,060 INFO impl.YarnClientImpl: Submitted application application_1626792032831_0011
2021-07-20 22:45:52,093 INFO mapreduce.Job: The url to track the job: http://localhost:8088/proxy/application_1626792032831_0011/
2021-07-20 22:45:52,093 INFO mapreduce.Job: Running job: job_1626792032831_0011
2021-07-20 22:45:57,174 INFO mapreduce.Job: Job job_1626792032831_0011 running in uber mode : false
2021-07-20 22:45:57,176 INFO mapreduce.Job:  map 0% reduce 0%
2021-07-20 22:46:02,244 INFO mapreduce.Job:  map 25% reduce 0%
2021-07-20 22:46:03,251 INFO mapreduce.Job:  map 50% reduce 0%
2021-07-20 22:46:04,259 INFO mapreduce.Job:  map 75% reduce 0%
2021-07-20 22:46:05,267 INFO mapreduce.Job:  map 100% reduce 0%
2021-07-20 22:46:05,280 INFO mapreduce.Job: Job job_1626792032831_0011 completed successfully
2021-07-20 22:46:05,383 INFO mapreduce.Job: Counters: 33
	File System Counters
		FILE: Number of bytes read=0
		FILE: Number of bytes written=940452
		FILE: Number of read operations=0
		FILE: Number of large read operations=0
		FILE: Number of write operations=0
		HDFS: Number of bytes read=472
		HDFS: Number of bytes written=1029
		HDFS: Number of read operations=24
		HDFS: Number of large read operations=0
		HDFS: Number of write operations=8
		HDFS: Number of bytes read erasure-coded=0
	Job Counters 
		Launched map tasks=4
		Other local map tasks=4
		Total time spent by all maps in occupied slots (ms)=10891
		Total time spent by all reduces in occupied slots (ms)=0
		Total time spent by all map tasks (ms)=10891
		Total vcore-milliseconds taken by all map tasks=10891
		Total megabyte-milliseconds taken by all map tasks=11152384
	Map-Reduce Framework
		Map input records=58
		Map output records=58
		Input split bytes=472
		Spilled Records=0
		Failed Shuffles=0
		Merged Map outputs=0
		GC time elapsed (ms)=320
		CPU time spent (ms)=3080
		Physical memory (bytes) snapshot=927752192
		Virtual memory (bytes) snapshot=10214383616
		Total committed heap usage (bytes)=694157312
		Peak Map Physical memory (bytes)=238850048
		Peak Map Virtual memory (bytes)=2555437056
	File Input Format Counters 
		Bytes Read=0
	File Output Format Counters 
		Bytes Written=1029
2021-07-20 22:46:05,388 INFO mapreduce.ImportJobBase: Transferred 1.0049 KB in 16.0054 seconds (64.2908 bytes/sec)
2021-07-20 22:46:05,390 INFO mapreduce.ImportJobBase: Retrieved 58 records.
Warning: /usr/local/hadoop-env/sqoop-1.4.6/../hcatalog does not exist! HCatalog jobs will fail.
Please set $HCAT_HOME to the root of your HCatalog installation.
Warning: /usr/local/hadoop-env/sqoop-1.4.6/../accumulo does not exist! Accumulo imports will fail.
Please set $ACCUMULO_HOME to the root of your Accumulo installation.
WARNING: HADOOP_PREFIX has been replaced by HADOOP_HOME. Using value of HADOOP_PREFIX.
/usr/local/hadoop-env/hadoop-3.2.1/libexec/hadoop-functions.sh: line 2366: HADOOP_ORG.APACHE.SQOOP.SQOOP_USER: invalid variable name
/usr/local/hadoop-env/hadoop-3.2.1/libexec/hadoop-functions.sh: line 2461: HADOOP_ORG.APACHE.SQOOP.SQOOP_OPTS: invalid variable name
SLF4J: Class path contains multiple SLF4J bindings.
SLF4J: Found binding in [jar:file:/usr/local/hadoop-env/hadoop-3.2.1/share/hadoop/common/lib/slf4j-log4j12-1.7.25.jar!/org/slf4j/impl/StaticLoggerBinder.class]
SLF4J: Found binding in [jar:file:/usr/local/hadoop-env/hbase-1.3.0/lib/slf4j-log4j12-1.7.5.jar!/org/slf4j/impl/StaticLoggerBinder.class]
SLF4J: See http://www.slf4j.org/codes.html#multiple_bindings for an explanation.
SLF4J: Actual binding is of type [org.slf4j.impl.Log4jLoggerFactory]
2021-07-20 22:46:07,598 INFO sqoop.Sqoop: Running Sqoop version: 1.4.6
2021-07-20 22:46:07,725 WARN util.NativeCodeLoader: Unable to load native-hadoop library for your platform... using builtin-java classes where applicable
2021-07-20 22:46:07,939 INFO manager.MySQLManager: Preparing to use a MySQL streaming resultset.
2021-07-20 22:46:07,939 INFO tool.CodeGenTool: Beginning code generation
Loading class `com.mysql.jdbc.Driver'. This is deprecated. The new driver class is `com.mysql.cj.jdbc.Driver'. The driver is automatically registered via the SPI and manual loading of the driver class is generally unnecessary.
2021-07-20 22:46:08,148 INFO manager.SqlManager: Executing SQL statement: SELECT t.* FROM `categories` AS t LIMIT 1
2021-07-20 22:46:08,180 INFO manager.SqlManager: Executing SQL statement: SELECT t.* FROM `categories` AS t LIMIT 1
2021-07-20 22:46:08,183 INFO orm.CompilationManager: HADOOP_MAPRED_HOME is /usr/local/hadoop-env/hadoop-3.2.1
Note: /tmp/sqoop-saif/compile/cf9ebd953ef582040995282435fafa5d/categories.java uses or overrides a deprecated API.
Note: Recompile with -Xlint:deprecation for details.
2021-07-20 22:46:09,212 INFO orm.CompilationManager: Writing jar file: /tmp/sqoop-saif/compile/cf9ebd953ef582040995282435fafa5d/categories.jar
2021-07-20 22:46:09,614 INFO tool.ImportTool: Destination directory /user/saif/HFS/Output/categories_tgt_wrhs/categories deleted.
2021-07-20 22:46:09,614 WARN manager.MySQLManager: It looks like you are importing from mysql.
2021-07-20 22:46:09,614 WARN manager.MySQLManager: This transfer can be faster! Use the --direct
2021-07-20 22:46:09,614 WARN manager.MySQLManager: option to exercise a MySQL-specific fast path.
2021-07-20 22:46:09,614 INFO manager.MySQLManager: Setting zero DATETIME behavior to convertToNull (mysql)
2021-07-20 22:46:09,619 INFO mapreduce.ImportJobBase: Beginning import of categories
2021-07-20 22:46:09,619 INFO Configuration.deprecation: mapred.job.tracker is deprecated. Instead, use mapreduce.jobtracker.address
2021-07-20 22:46:09,624 INFO Configuration.deprecation: mapred.jar is deprecated. Instead, use mapreduce.job.jar
2021-07-20 22:46:09,639 INFO Configuration.deprecation: mapred.map.tasks is deprecated. Instead, use mapreduce.job.maps
2021-07-20 22:46:09,716 INFO client.RMProxy: Connecting to ResourceManager at /0.0.0.0:8032
2021-07-20 22:46:09,978 INFO mapreduce.JobResourceUploader: Disabling Erasure Coding for path: /tmp/hadoop-yarn/staging/saif/.staging/job_1626792032831_0012
2021-07-20 22:46:10,063 INFO sasl.SaslDataTransferClient: SASL encryption trust check: localHostTrusted = false, remoteHostTrusted = false
2021-07-20 22:46:10,136 INFO sasl.SaslDataTransferClient: SASL encryption trust check: localHostTrusted = false, remoteHostTrusted = false
2021-07-20 22:46:10,181 INFO sasl.SaslDataTransferClient: SASL encryption trust check: localHostTrusted = false, remoteHostTrusted = false
2021-07-20 22:46:10,201 INFO sasl.SaslDataTransferClient: SASL encryption trust check: localHostTrusted = false, remoteHostTrusted = false
2021-07-20 22:46:10,224 INFO sasl.SaslDataTransferClient: SASL encryption trust check: localHostTrusted = false, remoteHostTrusted = false
2021-07-20 22:46:10,238 INFO sasl.SaslDataTransferClient: SASL encryption trust check: localHostTrusted = false, remoteHostTrusted = false
2021-07-20 22:46:10,254 INFO sasl.SaslDataTransferClient: SASL encryption trust check: localHostTrusted = false, remoteHostTrusted = false
2021-07-20 22:46:10,684 INFO sasl.SaslDataTransferClient: SASL encryption trust check: localHostTrusted = false, remoteHostTrusted = false
2021-07-20 22:46:10,706 INFO sasl.SaslDataTransferClient: SASL encryption trust check: localHostTrusted = false, remoteHostTrusted = false
2021-07-20 22:46:10,736 INFO sasl.SaslDataTransferClient: SASL encryption trust check: localHostTrusted = false, remoteHostTrusted = false
2021-07-20 22:46:10,750 INFO sasl.SaslDataTransferClient: SASL encryption trust check: localHostTrusted = false, remoteHostTrusted = false
2021-07-20 22:46:10,763 INFO sasl.SaslDataTransferClient: SASL encryption trust check: localHostTrusted = false, remoteHostTrusted = false
2021-07-20 22:46:10,779 INFO sasl.SaslDataTransferClient: SASL encryption trust check: localHostTrusted = false, remoteHostTrusted = false
2021-07-20 22:46:10,797 INFO sasl.SaslDataTransferClient: SASL encryption trust check: localHostTrusted = false, remoteHostTrusted = false
2021-07-20 22:46:10,812 INFO sasl.SaslDataTransferClient: SASL encryption trust check: localHostTrusted = false, remoteHostTrusted = false
2021-07-20 22:46:10,848 INFO sasl.SaslDataTransferClient: SASL encryption trust check: localHostTrusted = false, remoteHostTrusted = false
2021-07-20 22:46:10,861 INFO sasl.SaslDataTransferClient: SASL encryption trust check: localHostTrusted = false, remoteHostTrusted = false
2021-07-20 22:46:10,880 INFO sasl.SaslDataTransferClient: SASL encryption trust check: localHostTrusted = false, remoteHostTrusted = false
2021-07-20 22:46:10,893 INFO sasl.SaslDataTransferClient: SASL encryption trust check: localHostTrusted = false, remoteHostTrusted = false
2021-07-20 22:46:10,904 INFO sasl.SaslDataTransferClient: SASL encryption trust check: localHostTrusted = false, remoteHostTrusted = false
2021-07-20 22:46:10,919 INFO sasl.SaslDataTransferClient: SASL encryption trust check: localHostTrusted = false, remoteHostTrusted = false
2021-07-20 22:46:10,933 INFO sasl.SaslDataTransferClient: SASL encryption trust check: localHostTrusted = false, remoteHostTrusted = false
2021-07-20 22:46:10,945 INFO sasl.SaslDataTransferClient: SASL encryption trust check: localHostTrusted = false, remoteHostTrusted = false
2021-07-20 22:46:10,972 INFO sasl.SaslDataTransferClient: SASL encryption trust check: localHostTrusted = false, remoteHostTrusted = false
2021-07-20 22:46:10,983 INFO sasl.SaslDataTransferClient: SASL encryption trust check: localHostTrusted = false, remoteHostTrusted = false
2021-07-20 22:46:10,995 INFO sasl.SaslDataTransferClient: SASL encryption trust check: localHostTrusted = false, remoteHostTrusted = false
2021-07-20 22:46:11,011 INFO sasl.SaslDataTransferClient: SASL encryption trust check: localHostTrusted = false, remoteHostTrusted = false
2021-07-20 22:46:11,024 INFO sasl.SaslDataTransferClient: SASL encryption trust check: localHostTrusted = false, remoteHostTrusted = false
2021-07-20 22:46:11,037 INFO sasl.SaslDataTransferClient: SASL encryption trust check: localHostTrusted = false, remoteHostTrusted = false
2021-07-20 22:46:11,067 INFO sasl.SaslDataTransferClient: SASL encryption trust check: localHostTrusted = false, remoteHostTrusted = false
2021-07-20 22:46:11,080 INFO sasl.SaslDataTransferClient: SASL encryption trust check: localHostTrusted = false, remoteHostTrusted = false
2021-07-20 22:46:11,090 INFO sasl.SaslDataTransferClient: SASL encryption trust check: localHostTrusted = false, remoteHostTrusted = false
2021-07-20 22:46:11,101 INFO sasl.SaslDataTransferClient: SASL encryption trust check: localHostTrusted = false, remoteHostTrusted = false
2021-07-20 22:46:11,110 INFO sasl.SaslDataTransferClient: SASL encryption trust check: localHostTrusted = false, remoteHostTrusted = false
2021-07-20 22:46:11,139 INFO sasl.SaslDataTransferClient: SASL encryption trust check: localHostTrusted = false, remoteHostTrusted = false
2021-07-20 22:46:11,568 INFO sasl.SaslDataTransferClient: SASL encryption trust check: localHostTrusted = false, remoteHostTrusted = false
2021-07-20 22:46:11,594 INFO db.DBInputFormat: Using read commited transaction isolation
2021-07-20 22:46:11,594 INFO db.DataDrivenDBInputFormat: BoundingValsQuery: SELECT MIN(`category_id`), MAX(`category_id`) FROM `categories`
2021-07-20 22:46:11,616 INFO sasl.SaslDataTransferClient: SASL encryption trust check: localHostTrusted = false, remoteHostTrusted = false
2021-07-20 22:46:11,636 INFO sasl.SaslDataTransferClient: SASL encryption trust check: localHostTrusted = false, remoteHostTrusted = false
2021-07-20 22:46:11,648 INFO mapreduce.JobSubmitter: number of splits:4
2021-07-20 22:46:11,841 INFO sasl.SaslDataTransferClient: SASL encryption trust check: localHostTrusted = false, remoteHostTrusted = false
2021-07-20 22:46:11,854 INFO mapreduce.JobSubmitter: Submitting tokens for job: job_1626792032831_0012
2021-07-20 22:46:11,854 INFO mapreduce.JobSubmitter: Executing with tokens: []
2021-07-20 22:46:12,014 INFO conf.Configuration: resource-types.xml not found
2021-07-20 22:46:12,014 INFO resource.ResourceUtils: Unable to find 'resource-types.xml'.
2021-07-20 22:46:12,066 INFO impl.YarnClientImpl: Submitted application application_1626792032831_0012
2021-07-20 22:46:12,094 INFO mapreduce.Job: The url to track the job: http://localhost:8088/proxy/application_1626792032831_0012/
2021-07-20 22:46:12,094 INFO mapreduce.Job: Running job: job_1626792032831_0012
2021-07-20 22:46:17,152 INFO mapreduce.Job: Job job_1626792032831_0012 running in uber mode : false
2021-07-20 22:46:17,154 INFO mapreduce.Job:  map 0% reduce 0%
2021-07-20 22:46:22,223 INFO mapreduce.Job:  map 25% reduce 0%
2021-07-20 22:46:24,243 INFO mapreduce.Job:  map 50% reduce 0%
2021-07-20 22:46:25,253 INFO mapreduce.Job:  map 75% reduce 0%
2021-07-20 22:46:26,258 INFO mapreduce.Job:  map 100% reduce 0%
2021-07-20 22:46:26,286 INFO mapreduce.Job: Job job_1626792032831_0012 completed successfully
2021-07-20 22:46:26,387 INFO mapreduce.Job: Counters: 33
	File System Counters
		FILE: Number of bytes read=0
		FILE: Number of bytes written=940516
		FILE: Number of read operations=0
		FILE: Number of large read operations=0
		FILE: Number of write operations=0
		HDFS: Number of bytes read=472
		HDFS: Number of bytes written=1029
		HDFS: Number of read operations=24
		HDFS: Number of large read operations=0
		HDFS: Number of write operations=8
		HDFS: Number of bytes read erasure-coded=0
	Job Counters 
		Launched map tasks=4
		Other local map tasks=4
		Total time spent by all maps in occupied slots (ms)=13151
		Total time spent by all reduces in occupied slots (ms)=0
		Total time spent by all map tasks (ms)=13151
		Total vcore-milliseconds taken by all map tasks=13151
		Total megabyte-milliseconds taken by all map tasks=13466624
	Map-Reduce Framework
		Map input records=58
		Map output records=58
		Input split bytes=472
		Spilled Records=0
		Failed Shuffles=0
		Merged Map outputs=0
		GC time elapsed (ms)=540
		CPU time spent (ms)=4150
		Physical memory (bytes) snapshot=921243648
		Virtual memory (bytes) snapshot=10217091072
		Total committed heap usage (bytes)=697827328
		Peak Map Physical memory (bytes)=241111040
		Peak Map Virtual memory (bytes)=2555609088
	File Input Format Counters 
		Bytes Read=0
	File Output Format Counters 
		Bytes Written=1029
2021-07-20 22:46:26,392 INFO mapreduce.ImportJobBase: Transferred 1.0049 KB in 16.7441 seconds (61.4544 bytes/sec)
2021-07-20 22:46:26,396 INFO mapreduce.ImportJobBase: Retrieved 58 records.
Warning: /usr/local/hadoop-env/sqoop-1.4.6/../hcatalog does not exist! HCatalog jobs will fail.
Please set $HCAT_HOME to the root of your HCatalog installation.
Warning: /usr/local/hadoop-env/sqoop-1.4.6/../accumulo does not exist! Accumulo imports will fail.
Please set $ACCUMULO_HOME to the root of your Accumulo installation.
WARNING: HADOOP_PREFIX has been replaced by HADOOP_HOME. Using value of HADOOP_PREFIX.
/usr/local/hadoop-env/hadoop-3.2.1/libexec/hadoop-functions.sh: line 2366: HADOOP_ORG.APACHE.SQOOP.SQOOP_USER: invalid variable name
/usr/local/hadoop-env/hadoop-3.2.1/libexec/hadoop-functions.sh: line 2461: HADOOP_ORG.APACHE.SQOOP.SQOOP_OPTS: invalid variable name
SLF4J: Class path contains multiple SLF4J bindings.
SLF4J: Found binding in [jar:file:/usr/local/hadoop-env/hadoop-3.2.1/share/hadoop/common/lib/slf4j-log4j12-1.7.25.jar!/org/slf4j/impl/StaticLoggerBinder.class]
SLF4J: Found binding in [jar:file:/usr/local/hadoop-env/hbase-1.3.0/lib/slf4j-log4j12-1.7.5.jar!/org/slf4j/impl/StaticLoggerBinder.class]
SLF4J: See http://www.slf4j.org/codes.html#multiple_bindings for an explanation.
SLF4J: Actual binding is of type [org.slf4j.impl.Log4jLoggerFactory]
2021-07-20 22:46:29,480 INFO sqoop.Sqoop: Running Sqoop version: 1.4.6
2021-07-20 22:46:29,633 WARN util.NativeCodeLoader: Unable to load native-hadoop library for your platform... using builtin-java classes where applicable
2021-07-20 22:46:29,882 INFO manager.MySQLManager: Preparing to use a MySQL streaming resultset.
2021-07-20 22:46:29,882 INFO tool.CodeGenTool: Beginning code generation
Loading class `com.mysql.jdbc.Driver'. This is deprecated. The new driver class is `com.mysql.cj.jdbc.Driver'. The driver is automatically registered via the SPI and manual loading of the driver class is generally unnecessary.
2021-07-20 22:46:30,116 INFO manager.SqlManager: Executing SQL statement: SELECT category_id,category_name,product_price,product_image FROM categories c,products p WHERE  (1 = 0)  and c.category_id=p.product_category_id and c.category_name in('Soccer','NFL','NHL','NBA','Basketball');
2021-07-20 22:46:30,130 INFO manager.SqlManager: Executing SQL statement: SELECT category_id,category_name,product_price,product_image FROM categories c,products p WHERE  (1 = 0)  and c.category_id=p.product_category_id and c.category_name in('Soccer','NFL','NHL','NBA','Basketball');
2021-07-20 22:46:30,148 INFO manager.SqlManager: Executing SQL statement: SELECT category_id,category_name,product_price,product_image FROM categories c,products p WHERE  (1 = 0)  and c.category_id=p.product_category_id and c.category_name in('Soccer','NFL','NHL','NBA','Basketball');
2021-07-20 22:46:30,151 INFO orm.CompilationManager: HADOOP_MAPRED_HOME is /usr/local/hadoop-env/hadoop-3.2.1
Note: /tmp/sqoop-saif/compile/f6e7ec99770732133eddb79aca3c7271/QueryResult.java uses or overrides a deprecated API.
Note: Recompile with -Xlint:deprecation for details.
2021-07-20 22:46:31,404 INFO orm.CompilationManager: Writing jar file: /tmp/sqoop-saif/compile/f6e7ec99770732133eddb79aca3c7271/QueryResult.jar
2021-07-20 22:46:31,877 INFO tool.ImportTool: Destination directory /user/saif/HFS/Output/JOB3 deleted.
2021-07-20 22:46:31,879 INFO mapreduce.ImportJobBase: Beginning query import.
2021-07-20 22:46:31,880 INFO Configuration.deprecation: mapred.job.tracker is deprecated. Instead, use mapreduce.jobtracker.address
2021-07-20 22:46:31,885 INFO Configuration.deprecation: mapred.jar is deprecated. Instead, use mapreduce.job.jar
2021-07-20 22:46:31,900 INFO Configuration.deprecation: mapred.map.tasks is deprecated. Instead, use mapreduce.job.maps
2021-07-20 22:46:31,984 INFO client.RMProxy: Connecting to ResourceManager at /0.0.0.0:8032
2021-07-20 22:46:32,277 INFO mapreduce.JobResourceUploader: Disabling Erasure Coding for path: /tmp/hadoop-yarn/staging/saif/.staging/job_1626792032831_0013
2021-07-20 22:46:32,379 INFO sasl.SaslDataTransferClient: SASL encryption trust check: localHostTrusted = false, remoteHostTrusted = false
2021-07-20 22:46:32,464 INFO sasl.SaslDataTransferClient: SASL encryption trust check: localHostTrusted = false, remoteHostTrusted = false
2021-07-20 22:46:32,487 INFO sasl.SaslDataTransferClient: SASL encryption trust check: localHostTrusted = false, remoteHostTrusted = false
2021-07-20 22:46:32,512 INFO sasl.SaslDataTransferClient: SASL encryption trust check: localHostTrusted = false, remoteHostTrusted = false
2021-07-20 22:46:32,532 INFO sasl.SaslDataTransferClient: SASL encryption trust check: localHostTrusted = false, remoteHostTrusted = false
2021-07-20 22:46:32,963 INFO sasl.SaslDataTransferClient: SASL encryption trust check: localHostTrusted = false, remoteHostTrusted = false
2021-07-20 22:46:32,989 INFO sasl.SaslDataTransferClient: SASL encryption trust check: localHostTrusted = false, remoteHostTrusted = false
2021-07-20 22:46:33,008 INFO sasl.SaslDataTransferClient: SASL encryption trust check: localHostTrusted = false, remoteHostTrusted = false
2021-07-20 22:46:33,023 INFO sasl.SaslDataTransferClient: SASL encryption trust check: localHostTrusted = false, remoteHostTrusted = false
2021-07-20 22:46:33,038 INFO sasl.SaslDataTransferClient: SASL encryption trust check: localHostTrusted = false, remoteHostTrusted = false
2021-07-20 22:46:33,067 INFO sasl.SaslDataTransferClient: SASL encryption trust check: localHostTrusted = false, remoteHostTrusted = false
2021-07-20 22:46:33,080 INFO sasl.SaslDataTransferClient: SASL encryption trust check: localHostTrusted = false, remoteHostTrusted = false
2021-07-20 22:46:33,518 INFO sasl.SaslDataTransferClient: SASL encryption trust check: localHostTrusted = false, remoteHostTrusted = false
2021-07-20 22:46:33,562 INFO sasl.SaslDataTransferClient: SASL encryption trust check: localHostTrusted = false, remoteHostTrusted = false
2021-07-20 22:46:33,597 INFO sasl.SaslDataTransferClient: SASL encryption trust check: localHostTrusted = false, remoteHostTrusted = false
2021-07-20 22:46:33,625 INFO sasl.SaslDataTransferClient: SASL encryption trust check: localHostTrusted = false, remoteHostTrusted = false
2021-07-20 22:46:33,641 INFO sasl.SaslDataTransferClient: SASL encryption trust check: localHostTrusted = false, remoteHostTrusted = false
2021-07-20 22:46:33,658 INFO sasl.SaslDataTransferClient: SASL encryption trust check: localHostTrusted = false, remoteHostTrusted = false
2021-07-20 22:46:33,678 INFO sasl.SaslDataTransferClient: SASL encryption trust check: localHostTrusted = false, remoteHostTrusted = false
2021-07-20 22:46:33,697 INFO sasl.SaslDataTransferClient: SASL encryption trust check: localHostTrusted = false, remoteHostTrusted = false
2021-07-20 22:46:33,716 INFO sasl.SaslDataTransferClient: SASL encryption trust check: localHostTrusted = false, remoteHostTrusted = false
2021-07-20 22:46:33,732 INFO sasl.SaslDataTransferClient: SASL encryption trust check: localHostTrusted = false, remoteHostTrusted = false
2021-07-20 22:46:34,172 INFO sasl.SaslDataTransferClient: SASL encryption trust check: localHostTrusted = false, remoteHostTrusted = false
2021-07-20 22:46:34,206 INFO sasl.SaslDataTransferClient: SASL encryption trust check: localHostTrusted = false, remoteHostTrusted = false
2021-07-20 22:46:34,644 INFO sasl.SaslDataTransferClient: SASL encryption trust check: localHostTrusted = false, remoteHostTrusted = false
2021-07-20 22:46:34,678 INFO sasl.SaslDataTransferClient: SASL encryption trust check: localHostTrusted = false, remoteHostTrusted = false
2021-07-20 22:46:35,113 INFO sasl.SaslDataTransferClient: SASL encryption trust check: localHostTrusted = false, remoteHostTrusted = false
2021-07-20 22:46:35,140 INFO sasl.SaslDataTransferClient: SASL encryption trust check: localHostTrusted = false, remoteHostTrusted = false
2021-07-20 22:46:35,157 INFO sasl.SaslDataTransferClient: SASL encryption trust check: localHostTrusted = false, remoteHostTrusted = false
2021-07-20 22:46:35,174 INFO sasl.SaslDataTransferClient: SASL encryption trust check: localHostTrusted = false, remoteHostTrusted = false
2021-07-20 22:46:35,200 INFO sasl.SaslDataTransferClient: SASL encryption trust check: localHostTrusted = false, remoteHostTrusted = false
2021-07-20 22:46:35,640 INFO sasl.SaslDataTransferClient: SASL encryption trust check: localHostTrusted = false, remoteHostTrusted = false
2021-07-20 22:46:36,073 INFO sasl.SaslDataTransferClient: SASL encryption trust check: localHostTrusted = false, remoteHostTrusted = false
2021-07-20 22:46:36,103 INFO sasl.SaslDataTransferClient: SASL encryption trust check: localHostTrusted = false, remoteHostTrusted = false
2021-07-20 22:46:36,128 INFO sasl.SaslDataTransferClient: SASL encryption trust check: localHostTrusted = false, remoteHostTrusted = false
2021-07-20 22:46:36,145 INFO sasl.SaslDataTransferClient: SASL encryption trust check: localHostTrusted = false, remoteHostTrusted = false
2021-07-20 22:46:36,162 INFO db.DBInputFormat: Using read commited transaction isolation
2021-07-20 22:46:36,181 INFO sasl.SaslDataTransferClient: SASL encryption trust check: localHostTrusted = false, remoteHostTrusted = false
2021-07-20 22:46:36,200 INFO sasl.SaslDataTransferClient: SASL encryption trust check: localHostTrusted = false, remoteHostTrusted = false
2021-07-20 22:46:36,205 INFO mapreduce.JobSubmitter: number of splits:1
2021-07-20 22:46:36,399 INFO sasl.SaslDataTransferClient: SASL encryption trust check: localHostTrusted = false, remoteHostTrusted = false
2021-07-20 22:46:36,407 INFO mapreduce.JobSubmitter: Submitting tokens for job: job_1626792032831_0013
2021-07-20 22:46:36,407 INFO mapreduce.JobSubmitter: Executing with tokens: []
2021-07-20 22:46:36,602 INFO conf.Configuration: resource-types.xml not found
2021-07-20 22:46:36,602 INFO resource.ResourceUtils: Unable to find 'resource-types.xml'.
2021-07-20 22:46:36,644 INFO impl.YarnClientImpl: Submitted application application_1626792032831_0013
2021-07-20 22:46:36,668 INFO mapreduce.Job: The url to track the job: http://localhost:8088/proxy/application_1626792032831_0013/
2021-07-20 22:46:36,668 INFO mapreduce.Job: Running job: job_1626792032831_0013
2021-07-20 22:46:42,766 INFO mapreduce.Job: Job job_1626792032831_0013 running in uber mode : false
2021-07-20 22:46:42,767 INFO mapreduce.Job:  map 0% reduce 0%
2021-07-20 22:46:46,826 INFO mapreduce.Job:  map 100% reduce 0%
2021-07-20 22:46:46,856 INFO mapreduce.Job: Job job_1626792032831_0013 completed successfully
2021-07-20 22:46:46,946 INFO mapreduce.Job: Counters: 33
	File System Counters
		FILE: Number of bytes read=0
		FILE: Number of bytes written=234880
		FILE: Number of read operations=0
		FILE: Number of large read operations=0
		FILE: Number of write operations=0
		HDFS: Number of bytes read=87
		HDFS: Number of bytes written=11971
		HDFS: Number of read operations=6
		HDFS: Number of large read operations=0
		HDFS: Number of write operations=2
		HDFS: Number of bytes read erasure-coded=0
	Job Counters 
		Launched map tasks=1
		Other local map tasks=1
		Total time spent by all maps in occupied slots (ms)=1870
		Total time spent by all reduces in occupied slots (ms)=0
		Total time spent by all map tasks (ms)=1870
		Total vcore-milliseconds taken by all map tasks=1870
		Total megabyte-milliseconds taken by all map tasks=1914880
	Map-Reduce Framework
		Map input records=120
		Map output records=120
		Input split bytes=87
		Spilled Records=0
		Failed Shuffles=0
		Merged Map outputs=0
		GC time elapsed (ms)=45
		CPU time spent (ms)=710
		Physical memory (bytes) snapshot=235487232
		Virtual memory (bytes) snapshot=2554761216
		Total committed heap usage (bytes)=174063616
		Peak Map Physical memory (bytes)=235487232
		Peak Map Virtual memory (bytes)=2554761216
	File Input Format Counters 
		Bytes Read=0
	File Output Format Counters 
		Bytes Written=11971
2021-07-20 22:46:46,952 INFO mapreduce.ImportJobBase: Transferred 11.6904 KB in 15.0406 seconds (795.9123 bytes/sec)
2021-07-20 22:46:46,955 INFO mapreduce.ImportJobBase: Retrieved 120 records.
Warning: /usr/local/hadoop-env/sqoop-1.4.6/../hcatalog does not exist! HCatalog jobs will fail.
Please set $HCAT_HOME to the root of your HCatalog installation.
Warning: /usr/local/hadoop-env/sqoop-1.4.6/../accumulo does not exist! Accumulo imports will fail.
Please set $ACCUMULO_HOME to the root of your Accumulo installation.
WARNING: HADOOP_PREFIX has been replaced by HADOOP_HOME. Using value of HADOOP_PREFIX.
/usr/local/hadoop-env/hadoop-3.2.1/libexec/hadoop-functions.sh: line 2366: HADOOP_ORG.APACHE.SQOOP.SQOOP_USER: invalid variable name
/usr/local/hadoop-env/hadoop-3.2.1/libexec/hadoop-functions.sh: line 2461: HADOOP_ORG.APACHE.SQOOP.SQOOP_OPTS: invalid variable name
SLF4J: Class path contains multiple SLF4J bindings.
SLF4J: Found binding in [jar:file:/usr/local/hadoop-env/hadoop-3.2.1/share/hadoop/common/lib/slf4j-log4j12-1.7.25.jar!/org/slf4j/impl/StaticLoggerBinder.class]
SLF4J: Found binding in [jar:file:/usr/local/hadoop-env/hbase-1.3.0/lib/slf4j-log4j12-1.7.5.jar!/org/slf4j/impl/StaticLoggerBinder.class]
SLF4J: See http://www.slf4j.org/codes.html#multiple_bindings for an explanation.
SLF4J: Actual binding is of type [org.slf4j.impl.Log4jLoggerFactory]
2021-07-20 22:46:48,972 INFO sqoop.Sqoop: Running Sqoop version: 1.4.6
2021-07-20 22:46:49,101 WARN util.NativeCodeLoader: Unable to load native-hadoop library for your platform... using builtin-java classes where applicable
2021-07-20 22:46:49,324 INFO manager.MySQLManager: Preparing to use a MySQL streaming resultset.
2021-07-20 22:46:49,325 INFO tool.CodeGenTool: Beginning code generation
Loading class `com.mysql.jdbc.Driver'. This is deprecated. The new driver class is `com.mysql.cj.jdbc.Driver'. The driver is automatically registered via the SPI and manual loading of the driver class is generally unnecessary.
2021-07-20 22:46:49,542 INFO manager.SqlManager: Executing SQL statement: select customer_id,customer_fname,customer_lname,order_date,order_status from customers c,orders o where  (1 = 0)  and c.customer_id=o.order_customer_id and order_status='PENDING_PAYMENT'
2021-07-20 22:46:49,555 INFO manager.SqlManager: Executing SQL statement: select customer_id,customer_fname,customer_lname,order_date,order_status from customers c,orders o where  (1 = 0)  and c.customer_id=o.order_customer_id and order_status='PENDING_PAYMENT'
2021-07-20 22:46:49,570 INFO manager.SqlManager: Executing SQL statement: select customer_id,customer_fname,customer_lname,order_date,order_status from customers c,orders o where  (1 = 0)  and c.customer_id=o.order_customer_id and order_status='PENDING_PAYMENT'
2021-07-20 22:46:49,572 INFO orm.CompilationManager: HADOOP_MAPRED_HOME is /usr/local/hadoop-env/hadoop-3.2.1
Note: /tmp/sqoop-saif/compile/57b20844cb788029aff0b3e5c9e052de/QueryResult.java uses or overrides a deprecated API.
Note: Recompile with -Xlint:deprecation for details.
2021-07-20 22:46:50,674 INFO orm.CompilationManager: Writing jar file: /tmp/sqoop-saif/compile/57b20844cb788029aff0b3e5c9e052de/QueryResult.jar
2021-07-20 22:46:51,106 INFO tool.ImportTool: Destination directory /user/saif/HFS/Output/ORDER_PENDING deleted.
2021-07-20 22:46:51,108 INFO mapreduce.ImportJobBase: Beginning query import.
2021-07-20 22:46:51,109 INFO Configuration.deprecation: mapred.job.tracker is deprecated. Instead, use mapreduce.jobtracker.address
2021-07-20 22:46:51,113 INFO Configuration.deprecation: mapred.jar is deprecated. Instead, use mapreduce.job.jar
2021-07-20 22:46:51,129 INFO Configuration.deprecation: mapred.map.tasks is deprecated. Instead, use mapreduce.job.maps
2021-07-20 22:46:51,204 INFO client.RMProxy: Connecting to ResourceManager at /0.0.0.0:8032
2021-07-20 22:46:51,485 INFO mapreduce.JobResourceUploader: Disabling Erasure Coding for path: /tmp/hadoop-yarn/staging/saif/.staging/job_1626792032831_0014
2021-07-20 22:46:51,575 INFO sasl.SaslDataTransferClient: SASL encryption trust check: localHostTrusted = false, remoteHostTrusted = false
2021-07-20 22:46:51,660 INFO sasl.SaslDataTransferClient: SASL encryption trust check: localHostTrusted = false, remoteHostTrusted = false
2021-07-20 22:46:51,674 INFO sasl.SaslDataTransferClient: SASL encryption trust check: localHostTrusted = false, remoteHostTrusted = false
2021-07-20 22:46:51,708 INFO sasl.SaslDataTransferClient: SASL encryption trust check: localHostTrusted = false, remoteHostTrusted = false
2021-07-20 22:46:51,721 INFO sasl.SaslDataTransferClient: SASL encryption trust check: localHostTrusted = false, remoteHostTrusted = false
2021-07-20 22:46:51,741 INFO sasl.SaslDataTransferClient: SASL encryption trust check: localHostTrusted = false, remoteHostTrusted = false
2021-07-20 22:46:51,764 INFO sasl.SaslDataTransferClient: SASL encryption trust check: localHostTrusted = false, remoteHostTrusted = false
2021-07-20 22:46:51,781 INFO sasl.SaslDataTransferClient: SASL encryption trust check: localHostTrusted = false, remoteHostTrusted = false
2021-07-20 22:46:51,799 INFO sasl.SaslDataTransferClient: SASL encryption trust check: localHostTrusted = false, remoteHostTrusted = false
2021-07-20 22:46:52,236 INFO sasl.SaslDataTransferClient: SASL encryption trust check: localHostTrusted = false, remoteHostTrusted = false
2021-07-20 22:46:52,258 INFO sasl.SaslDataTransferClient: SASL encryption trust check: localHostTrusted = false, remoteHostTrusted = false
2021-07-20 22:46:52,278 INFO sasl.SaslDataTransferClient: SASL encryption trust check: localHostTrusted = false, remoteHostTrusted = false
2021-07-20 22:46:52,293 INFO sasl.SaslDataTransferClient: SASL encryption trust check: localHostTrusted = false, remoteHostTrusted = false
2021-07-20 22:46:52,326 INFO sasl.SaslDataTransferClient: SASL encryption trust check: localHostTrusted = false, remoteHostTrusted = false
2021-07-20 22:46:52,344 INFO sasl.SaslDataTransferClient: SASL encryption trust check: localHostTrusted = false, remoteHostTrusted = false
2021-07-20 22:46:52,371 INFO sasl.SaslDataTransferClient: SASL encryption trust check: localHostTrusted = false, remoteHostTrusted = false
2021-07-20 22:46:52,388 INFO sasl.SaslDataTransferClient: SASL encryption trust check: localHostTrusted = false, remoteHostTrusted = false
2021-07-20 22:46:52,400 INFO sasl.SaslDataTransferClient: SASL encryption trust check: localHostTrusted = false, remoteHostTrusted = false
2021-07-20 22:46:52,412 INFO sasl.SaslDataTransferClient: SASL encryption trust check: localHostTrusted = false, remoteHostTrusted = false
2021-07-20 22:46:52,426 INFO sasl.SaslDataTransferClient: SASL encryption trust check: localHostTrusted = false, remoteHostTrusted = false
2021-07-20 22:46:52,441 INFO sasl.SaslDataTransferClient: SASL encryption trust check: localHostTrusted = false, remoteHostTrusted = false
2021-07-20 22:46:52,453 INFO sasl.SaslDataTransferClient: SASL encryption trust check: localHostTrusted = false, remoteHostTrusted = false
2021-07-20 22:46:52,465 INFO sasl.SaslDataTransferClient: SASL encryption trust check: localHostTrusted = false, remoteHostTrusted = false
2021-07-20 22:46:52,481 INFO sasl.SaslDataTransferClient: SASL encryption trust check: localHostTrusted = false, remoteHostTrusted = false
2021-07-20 22:46:52,493 INFO sasl.SaslDataTransferClient: SASL encryption trust check: localHostTrusted = false, remoteHostTrusted = false
2021-07-20 22:46:52,706 INFO sasl.SaslDataTransferClient: SASL encryption trust check: localHostTrusted = false, remoteHostTrusted = false
2021-07-20 22:46:52,740 INFO sasl.SaslDataTransferClient: SASL encryption trust check: localHostTrusted = false, remoteHostTrusted = false
2021-07-20 22:46:52,765 INFO sasl.SaslDataTransferClient: SASL encryption trust check: localHostTrusted = false, remoteHostTrusted = false
2021-07-20 22:46:52,791 INFO sasl.SaslDataTransferClient: SASL encryption trust check: localHostTrusted = false, remoteHostTrusted = false
2021-07-20 22:46:52,821 INFO sasl.SaslDataTransferClient: SASL encryption trust check: localHostTrusted = false, remoteHostTrusted = false
2021-07-20 22:46:52,842 INFO sasl.SaslDataTransferClient: SASL encryption trust check: localHostTrusted = false, remoteHostTrusted = false
2021-07-20 22:46:52,857 INFO sasl.SaslDataTransferClient: SASL encryption trust check: localHostTrusted = false, remoteHostTrusted = false
2021-07-20 22:46:52,882 INFO sasl.SaslDataTransferClient: SASL encryption trust check: localHostTrusted = false, remoteHostTrusted = false
2021-07-20 22:46:52,895 INFO sasl.SaslDataTransferClient: SASL encryption trust check: localHostTrusted = false, remoteHostTrusted = false
2021-07-20 22:46:52,907 INFO sasl.SaslDataTransferClient: SASL encryption trust check: localHostTrusted = false, remoteHostTrusted = false
2021-07-20 22:46:52,921 INFO sasl.SaslDataTransferClient: SASL encryption trust check: localHostTrusted = false, remoteHostTrusted = false
2021-07-20 22:46:52,935 INFO db.DBInputFormat: Using read commited transaction isolation
2021-07-20 22:46:52,936 INFO db.DataDrivenDBInputFormat: BoundingValsQuery: SELECT MIN(customer_id), MAX(customer_id) FROM (select customer_id,customer_fname,customer_lname,order_date,order_status from customers c,orders o where  (1 = 1)  and c.customer_id=o.order_customer_id and order_status='PENDING_PAYMENT') AS t1
2021-07-20 22:46:52,982 INFO sasl.SaslDataTransferClient: SASL encryption trust check: localHostTrusted = false, remoteHostTrusted = false
2021-07-20 22:46:52,997 INFO sasl.SaslDataTransferClient: SASL encryption trust check: localHostTrusted = false, remoteHostTrusted = false
2021-07-20 22:46:53,005 INFO mapreduce.JobSubmitter: number of splits:2
2021-07-20 22:46:53,182 INFO sasl.SaslDataTransferClient: SASL encryption trust check: localHostTrusted = false, remoteHostTrusted = false
2021-07-20 22:46:53,196 INFO mapreduce.JobSubmitter: Submitting tokens for job: job_1626792032831_0014
2021-07-20 22:46:53,196 INFO mapreduce.JobSubmitter: Executing with tokens: []
2021-07-20 22:46:53,363 INFO conf.Configuration: resource-types.xml not found
2021-07-20 22:46:53,364 INFO resource.ResourceUtils: Unable to find 'resource-types.xml'.
2021-07-20 22:46:53,411 INFO impl.YarnClientImpl: Submitted application application_1626792032831_0014
2021-07-20 22:46:53,439 INFO mapreduce.Job: The url to track the job: http://localhost:8088/proxy/application_1626792032831_0014/
2021-07-20 22:46:53,439 INFO mapreduce.Job: Running job: job_1626792032831_0014
2021-07-20 22:46:59,540 INFO mapreduce.Job: Job job_1626792032831_0014 running in uber mode : false
2021-07-20 22:46:59,544 INFO mapreduce.Job:  map 0% reduce 0%
2021-07-20 22:47:03,750 INFO mapreduce.Job:  map 50% reduce 0%
2021-07-20 22:47:04,766 INFO mapreduce.Job:  map 100% reduce 0%
2021-07-20 22:47:04,802 INFO mapreduce.Job: Job job_1626792032831_0014 completed successfully
2021-07-20 22:47:04,892 INFO mapreduce.Job: Counters: 33
	File System Counters
		FILE: Number of bytes read=0
		FILE: Number of bytes written=470874
		FILE: Number of read operations=0
		FILE: Number of large read operations=0
		FILE: Number of write operations=0
		HDFS: Number of bytes read=235
		HDFS: Number of bytes written=842331
		HDFS: Number of read operations=12
		HDFS: Number of large read operations=0
		HDFS: Number of write operations=4
		HDFS: Number of bytes read erasure-coded=0
	Job Counters 
		Launched map tasks=2
		Other local map tasks=2
		Total time spent by all maps in occupied slots (ms)=5149
		Total time spent by all reduces in occupied slots (ms)=0
		Total time spent by all map tasks (ms)=5149
		Total vcore-milliseconds taken by all map tasks=5149
		Total megabyte-milliseconds taken by all map tasks=5272576
	Map-Reduce Framework
		Map input records=15030
		Map output records=15030
		Input split bytes=235
		Spilled Records=0
		Failed Shuffles=0
		Merged Map outputs=0
		GC time elapsed (ms)=205
		CPU time spent (ms)=2290
		Physical memory (bytes) snapshot=458276864
		Virtual memory (bytes) snapshot=5111971840
		Total committed heap usage (bytes)=349700096
		Peak Map Physical memory (bytes)=248602624
		Peak Map Virtual memory (bytes)=2557505536
	File Input Format Counters 
		Bytes Read=0
	File Output Format Counters 
		Bytes Written=842331
2021-07-20 22:47:04,896 INFO mapreduce.ImportJobBase: Transferred 822.5889 KB in 13.7582 seconds (59.7889 KB/sec)
2021-07-20 22:47:04,899 INFO mapreduce.ImportJobBase: Retrieved 15030 records.
